<?xml version="1.0" encoding="UTF-8"?>
<testsuite name="StackTest" tests="1" skipped="0" failures="0" errors="0" timestamp="2022-05-11T18:08:20" hostname="quanteon-Aspire-A515-54" time="0.014">
  <properties/>
  <testcase name="should_throw_overflow_exception()" classname="StackTest" time="0.014"/>
  <system-out><![CDATA[]]></system-out>
  <system-err><![CDATA[]]></system-err>
</testsuite>
